[debug] [2019-12-07T15:33:22.407Z] ----------------------------------------------------------------------
[debug] [2019-12-07T15:33:22.411Z] Command:       C:\Program Files\nodejs\node.exe C:\Users\mojta\AppData\Roaming\npm\node_modules\firebase-tools\lib\bin\firebase.js init
[debug] [2019-12-07T15:33:22.411Z] CLI Version:   7.9.0
[debug] [2019-12-07T15:33:22.412Z] Platform:      win32
[debug] [2019-12-07T15:33:22.412Z] Node Version:  v11.13.0
[debug] [2019-12-07T15:33:22.414Z] Time:          Sat Dec 07 2019 19:03:22 GMT+0330 (Iran Standard Time)
[debug] [2019-12-07T15:33:22.414Z] ----------------------------------------------------------------------
[debug] [2019-12-07T15:33:22.414Z] 
[debug] [2019-12-07T15:33:22.436Z] > command requires scopes: ["email","openid","https://www.googleapis.com/auth/cloudplatformprojects.readonly","https://www.googleapis.com/auth/firebase","https://www.googleapis.com/auth/cloud-platform"]
[debug] [2019-12-07T15:33:22.437Z] > authorizing via signed-in user
[info] 
     ######## #### ########  ######## ########     ###     ######  ########
     ##        ##  ##     ## ##       ##     ##  ##   ##  ##       ##
     ######    ##  ########  ######   ########  #########  ######  ######
     ##        ##  ##    ##  ##       ##     ## ##     ##       ## ##
     ##       #### ##     ## ######## ########  ##     ##  ######  ########

You're about to initialize a Firebase project in this directory:

  C:\Users\mojta\source\myapp\menuapp

[info] 
=== Project Setup
[info] 
[info] First, let's associate this project directory with a Firebase project.
[info] You can create multiple project aliases by running firebase use --add, 
[info] but for now we'll just set up a default project.
[info] 
[debug] [2019-12-07T15:33:30.433Z] > refreshing access token with scopes: ["email","https://www.googleapis.com/auth/cloud-platform","https://www.googleapis.com/auth/cloudplatformprojects.readonly","https://www.googleapis.com/auth/firebase","openid"]
[debug] [2019-12-07T15:33:30.434Z] >>> HTTP REQUEST POST https://www.googleapis.com/oauth2/v3/token  
 <request body omitted>
[debug] [2019-12-07T15:33:41.972Z] <<< HTTP RESPONSE 200
[debug] [2019-12-07T15:33:41.989Z] >>> HTTP REQUEST GET https://firebase.googleapis.com/v1beta1/projects?pageSize=100  
 
[debug] [2019-12-07T15:33:42.708Z] <<< HTTP RESPONSE 403
[debug] [2019-12-07T15:33:42.708Z] <<< HTTP RESPONSE BODY <!DOCTYPE html>
<html lang=en>
  <meta charset=utf-8>
  <meta name=viewport content="initial-scale=1, minimum-scale=1, width=device-width">
  <title>Error 403 (Forbidden)!!1</title>
  <style>
    *{margin:0;padding:0}html,code{font:15px/22px arial,sans-serif}html{background:#fff;color:#222;padding:15px}body{margin:7% auto 0;max-width:390px;min-height:180px;padding:30px 0 15px}* > body{background:url(//www.google.com/images/errors/robot.png) 100% 5px no-repeat;padding-right:205px}p{margin:11px 0 22px;overflow:hidden}ins{color:#777;text-decoration:none}a img{border:0}@media screen and (max-width:772px){body{background:none;margin-top:0;max-width:none;padding-right:0}}#logo{background:url(//www.google.com/images/branding/googlelogo/1x/googlelogo_color_150x54dp.png) no-repeat;margin-left:-5px}@media only screen and (min-resolution:192dpi){#logo{background:url(//www.google.com/images/branding/googlelogo/2x/googlelogo_color_150x54dp.png) no-repeat 0% 0%/100% 100%;-moz-border-image:url(//www.google.com/images/branding/googlelogo/2x/googlelogo_color_150x54dp.png) 0}}@media only screen and (-webkit-min-device-pixel-ratio:2){#logo{background:url(//www.google.com/images/branding/googlelogo/2x/googlelogo_color_150x54dp.png) no-repeat;-webkit-background-size:100% 100%}}#logo{display:inline-block;height:54px;width:150px}
  </style>
  <a href=//www.google.com/><span id=logo aria-label=Google></span></a>
  <p><b>403.</b> <ins>That’s an error.</ins>
  <p>Your client does not have permission to get URL <code>/v1beta1/projects</code> from this server.  <ins>That’s all we know.</ins>

[debug] [2019-12-07T15:33:42.713Z] HTTP Error: 403, Unknown Error
[debug] [2019-12-07T15:33:43.903Z] FirebaseError: HTTP Error: 403, Unknown Error
    at module.exports (C:\Users\mojta\AppData\Roaming\npm\node_modules\firebase-tools\lib\responseToError.js:38:12)
    at Request._callback (C:\Users\mojta\AppData\Roaming\npm\node_modules\firebase-tools\lib\api.js:39:35)
    at Request.self.callback (C:\Users\mojta\AppData\Roaming\npm\node_modules\firebase-tools\node_modules\request\request.js:185:22)
    at Request.emit (events.js:193:13)
    at Request.EventEmitter.emit (domain.js:481:20)
    at Request.<anonymous> (C:\Users\mojta\AppData\Roaming\npm\node_modules\firebase-tools\node_modules\request\request.js:1161:10)
    at Request.emit (events.js:193:13)
    at Request.EventEmitter.emit (domain.js:481:20)
    at IncomingMessage.<anonymous> (C:\Users\mojta\AppData\Roaming\npm\node_modules\firebase-tools\node_modules\request\request.js:1083:12)
    at Object.onceWrapper (events.js:281:20)
    at IncomingMessage.emit (events.js:198:15)
    at IncomingMessage.EventEmitter.emit (domain.js:481:20)
    at endReadableNT (_stream_readable.js:1142:12)
    at processTicksAndRejections (internal/process/task_queues.js:81:17)
[error] 
[error] Error: Failed to list Firebase projects. See firebase-debug.log for more info.
